22:23:56 **** Incremental Build of configuration Debug for project project_mini_four ****
make all 
Building file: ../main.c
Invoking: AVR Compiler
avr-gcc -Wall -g2 -gstabs -O0 -fpack-struct -fshort-enums -ffunction-sections -fdata-sections -std=gnu99 -funsigned-char -funsigned-bitfields -mmcu=atmega16 -DF_CPU=1000000UL -MMD -MP -MF"main.d" -MT"main.o" -c -o "main.o" "../main.c"
Finished building: ../main.c
 
Building target: project_mini_four.elf
Invoking: AVR C Linker
avr-gcc -Wl,-Map,project_mini_four.map -mmcu=atmega16 -o "project_mini_four.elf"  ./gpio.o ./icu.o ./lcd.o ./main.o ./ultra_sonic.o   
Finished building target: project_mini_four.elf
 
Invoking: AVR Create Extended Listing
avr-objdump -h -S project_mini_four.elf  >"project_mini_four.lss"
Finished building: project_mini_four.lss
 
Invoking: Print Size
avr-size --format=avr --mcu=atmega16 project_mini_four.elf
AVR Memory Usage
----------------
Device: atmega16

Program:    8796 bytes (53.7% Full)
(.text + .data + .bootloader)

Data:         40 bytes (3.9% Full)
(.data + .bss + .noinit)


Finished building: sizedummy
 

22:23:57 Build Finished. 0 errors, 0 warnings. (took 987ms)

